TN:
SF:src/modules/appointments/services/CreateAppointmentService.ts
FN:17,(anonymous_5)
FN:22,(anonymous_6)
FNF:2
FNH:2
FNDA:5,(anonymous_5)
FNDA:7,(anonymous_6)
DA:1,1
DA:2,1
DA:4,1
DA:16,1
DA:19,5
DA:27,7
DA:29,7
DA:30,2
DA:33,5
DA:34,1
DA:37,4
DA:38,1
DA:43,3
DA:47,3
DA:48,1
DA:51,2
DA:57,2
DA:61,1
LF:18
LH:18
BRDA:29,0,0,2
BRDA:29,0,1,5
BRDA:33,1,0,1
BRDA:33,1,1,4
BRDA:37,2,0,1
BRDA:37,2,1,3
BRDA:37,3,0,4
BRDA:37,3,1,3
BRDA:47,4,0,1
BRDA:47,4,1,2
BRF:10
BRH:10
end_of_record
TN:
SF:src/modules/appointments/services/ListPatientsService.ts
FN:14,(anonymous_4)
FN:19,(anonymous_5)
FNF:2
FNH:2
FNDA:1,(anonymous_4)
FNDA:1,(anonymous_5)
DA:1,1
DA:13,1
DA:16,1
DA:20,1
DA:24,1
DA:28,1
LF:6
LH:6
BRF:0
BRH:0
end_of_record
TN:
SF:src/modules/appointments/services/ListProviderDayAvailabilityService.ts
FN:23,(anonymous_4)
FN:28,(anonymous_5)
FN:47,(anonymous_6)
FN:52,(anonymous_7)
FN:54,(anonymous_8)
FNF:5
FNH:5
FNDA:1,(anonymous_4)
FNDA:1,(anonymous_5)
FNDA:9,(anonymous_6)
FNDA:9,(anonymous_7)
FNDA:17,(anonymous_8)
DA:1,1
DA:2,1
DA:22,1
DA:25,1
DA:34,1
DA:43,1
DA:45,1
DA:47,9
DA:50,1
DA:52,1
DA:53,9
DA:54,17
DA:57,9
DA:59,9
DA:65,1
DA:69,1
LF:16
LH:16
BRDA:61,0,0,9
BRDA:61,0,1,7
BRF:2
BRH:2
end_of_record
TN:
SF:src/modules/appointments/services/ListProviderMonthAvailabilityService.ts
FN:22,(anonymous_4)
FN:27,(anonymous_5)
FN:44,(anonymous_6)
FN:47,(anonymous_7)
FN:48,(anonymous_8)
FNF:5
FNH:5
FNDA:1,(anonymous_4)
FNDA:1,(anonymous_5)
FNDA:31,(anonymous_6)
FNDA:31,(anonymous_7)
FNDA:310,(anonymous_8)
DA:1,1
DA:2,1
DA:21,1
DA:24,1
DA:32,1
DA:40,1
DA:42,1
DA:44,31
DA:47,1
DA:48,31
DA:49,310
DA:52,31
DA:58,1
DA:62,1
LF:14
LH:14
BRF:0
BRH:0
end_of_record
TN:
SF:src/modules/users/services/CreateSessionServices.ts
FN:24,(anonymous_5)
FN:32,(anonymous_6)
FNF:2
FNH:2
FNDA:3,(anonymous_5)
FNDA:3,(anonymous_6)
DA:1,1
DA:2,1
DA:4,1
DA:5,1
DA:23,1
DA:26,3
DA:29,3
DA:33,3
DA:35,3
DA:36,1
DA:39,2
DA:44,2
DA:45,1
DA:48,1
DA:50,1
DA:55,1
DA:59,1
LF:17
LH:17
BRDA:35,0,0,1
BRDA:35,0,1,2
BRDA:44,1,0,1
BRDA:44,1,1,1
BRF:4
BRH:4
end_of_record
TN:
SF:src/modules/users/services/CreateUserServices.ts
FN:18,(anonymous_5)
FN:26,(anonymous_6)
FNF:2
FNH:2
FNDA:5,(anonymous_5)
FNDA:5,(anonymous_6)
DA:1,2
DA:3,2
DA:17,2
DA:20,5
DA:23,5
DA:27,5
DA:29,5
DA:30,1
DA:33,4
DA:35,4
DA:41,4
DA:45,2
LF:12
LH:12
BRDA:29,0,0,1
BRDA:29,0,1,4
BRF:2
BRH:2
end_of_record
TN:
SF:src/modules/users/services/ResetPasswordService.ts
FN:17,(anonymous_5)
FN:28,(anonymous_6)
FNF:2
FNH:2
FNDA:4,(anonymous_5)
FNDA:4,(anonymous_6)
DA:1,1
DA:2,1
DA:4,1
DA:16,1
DA:19,4
DA:22,4
DA:25,4
DA:29,4
DA:31,4
DA:32,1
DA:35,3
DA:37,3
DA:38,1
DA:41,2
DA:43,2
DA:44,1
DA:47,1
DA:49,1
DA:53,1
LF:19
LH:19
BRDA:31,0,0,1
BRDA:31,0,1,3
BRDA:37,1,0,1
BRDA:37,1,1,2
BRDA:43,2,0,1
BRDA:43,2,1,1
BRF:6
BRH:6
end_of_record
TN:
SF:src/modules/users/services/SendForgotPasswordEmailService.ts
FN:16,(anonymous_5)
FN:27,(anonymous_6)
FNF:2
FNH:2
FNDA:3,(anonymous_5)
FNDA:3,(anonymous_6)
DA:1,1
DA:2,1
DA:4,1
DA:15,1
DA:18,3
DA:21,3
DA:24,3
DA:28,3
DA:30,3
DA:31,1
DA:34,2
DA:36,2
DA:43,2
DA:60,1
LF:14
LH:14
BRDA:30,0,0,1
BRDA:30,0,1,2
BRF:2
BRH:2
end_of_record
TN:
SF:src/modules/users/services/ShowProfileService.ts
FN:14,(anonymous_5)
FN:19,(anonymous_6)
FNF:2
FNH:2
FNDA:2,(anonymous_5)
FNDA:2,(anonymous_6)
DA:1,1
DA:3,1
DA:13,1
DA:16,2
DA:20,2
DA:22,2
DA:23,1
DA:26,1
DA:30,1
LF:9
LH:9
BRDA:22,0,0,1
BRDA:22,0,1,1
BRF:2
BRH:2
end_of_record
TN:
SF:src/modules/users/services/UpdateProfileService.ts
FN:19,(anonymous_5)
FN:27,(anonymous_6)
FNF:2
FNH:2
FNDA:6,(anonymous_5)
FNDA:6,(anonymous_6)
DA:1,1
DA:3,1
DA:18,1
DA:21,6
DA:24,6
DA:34,6
DA:36,6
DA:37,1
DA:40,5
DA:42,5
DA:43,1
DA:46,4
DA:47,4
DA:49,4
DA:50,1
DA:55,3
DA:56,2
DA:61,2
DA:62,1
DA:65,1
DA:69,2
DA:73,1
LF:22
LH:22
BRDA:36,0,0,1
BRDA:36,0,1,5
BRDA:42,1,0,1
BRDA:42,1,1,4
BRDA:42,2,0,5
BRDA:42,2,1,1
BRDA:49,3,0,1
BRDA:49,3,1,3
BRDA:49,4,0,4
BRDA:49,4,1,3
BRDA:55,5,0,2
BRDA:55,5,1,1
BRDA:55,6,0,3
BRDA:55,6,1,2
BRDA:61,7,0,1
BRDA:61,7,1,1
BRF:16
BRH:16
end_of_record
TN:
SF:src/modules/users/services/UpdateUserAvatarService.ts
FN:19,(anonymous_5)
FN:27,(anonymous_6)
FNF:2
FNH:2
FNDA:3,(anonymous_5)
FNDA:4,(anonymous_6)
DA:1,1
DA:6,1
DA:18,1
DA:21,3
DA:24,3
DA:28,4
DA:30,4
DA:31,1
DA:34,3
DA:35,1
DA:38,3
DA:40,3
DA:42,3
DA:44,3
DA:48,1
LF:15
LH:15
BRDA:30,0,0,1
BRDA:30,0,1,3
BRDA:34,1,0,1
BRDA:34,1,1,2
BRF:4
BRH:4
end_of_record
